<?xml version="1.0" encoding="UTF-8"?>
<robot generator="Robot 6.0.2 (Python 3.11.1 on win32)" generated="20230126 16:05:16.723" rpa="false" schemaversion="3">
<suite id="s1" name="TC1" source="C:\Users\ake_s\PycharmProjects\Automation\google\TC1.robot">
<kw name="Open the browser" library="BrowserHandling" type="SETUP">
<kw name="Open Browser" library="SeleniumLibrary">
<arg>${url}</arg>
<arg>${browser}[0]</arg>
<doc>Opens a new browser instance to the optional ``url``.</doc>
<msg timestamp="20230126 16:05:16.880" level="INFO">Opening browser 'gc' to base url 'https://www.google.com'.</msg>
<status status="PASS" starttime="20230126 16:05:16.879" endtime="20230126 16:05:18.660"/>
</kw>
<kw name="Maximize Browser Window" library="SeleniumLibrary">
<doc>Maximizes current browser window.</doc>
<status status="PASS" starttime="20230126 16:05:18.661" endtime="20230126 16:05:18.777"/>
</kw>
<kw name="Set Selenium Speed" library="SeleniumLibrary">
<arg>0.5</arg>
<doc>Sets the delay that is waited after each Selenium command.</doc>
<status status="PASS" starttime="20230126 16:05:18.777" endtime="20230126 16:05:18.777"/>
</kw>
<status status="PASS" starttime="20230126 16:05:16.879" endtime="20230126 16:05:18.777"/>
</kw>
<test id="s1-t1" name="search by image" line="46">
<kw name="search by image - image" library="BrowserHandling">
<arg>3x (1).webp</arg>
<kw name="Click Element" library="SeleniumLibrary">
<arg>//div[@class='nDcEnd']</arg>
<doc>Click the element identified by ``locator``.</doc>
<msg timestamp="20230126 16:05:18.778" level="INFO">Clicking element '//div[@class='nDcEnd']'.</msg>
<status status="PASS" starttime="20230126 16:05:18.778" endtime="20230126 16:05:19.842"/>
</kw>
<kw name="Run Keyword And Return Status" library="BuiltIn">
<var>${filetypes}</var>
<arg>Should Contain Any</arg>
<arg>${image}</arg>
<arg>.jpg</arg>
<arg>.png</arg>
<arg>.bmp</arg>
<arg>.tif</arg>
<arg>.webp</arg>
<arg>ignore_case=True</arg>
<doc>Runs the given keyword with given arguments and returns the status as a Boolean value.</doc>
<kw name="Should Contain Any" library="BuiltIn">
<arg>${image}</arg>
<arg>.jpg</arg>
<arg>.png</arg>
<arg>.bmp</arg>
<arg>.tif</arg>
<arg>.webp</arg>
<arg>ignore_case=True</arg>
<doc>Fails if ``container`` does not contain any of the ``*items``.</doc>
<status status="PASS" starttime="20230126 16:05:19.842" endtime="20230126 16:05:19.843"/>
</kw>
<msg timestamp="20230126 16:05:19.843" level="INFO">${filetypes} = True</msg>
<status status="PASS" starttime="20230126 16:05:19.842" endtime="20230126 16:05:19.843"/>
</kw>
<kw name="Log To Console" library="BuiltIn">
<arg>input contains .png is ${filetypes}</arg>
<doc>Logs the given message to the console.</doc>
<status status="PASS" starttime="20230126 16:05:19.843" endtime="20230126 16:05:19.843"/>
</kw>
<kw name="Run Keyword And Return Status" library="BuiltIn">
<var>${file_exist}</var>
<arg>Choose File</arg>
<arg>//*[@type='file']</arg>
<arg>C:\\Users\\ake_s\\Desktop\\bot\\${image}</arg>
<doc>Runs the given keyword with given arguments and returns the status as a Boolean value.</doc>
<kw name="Choose File" library="SeleniumLibrary">
<arg>//*[@type='file']</arg>
<arg>C:\\Users\\ake_s\\Desktop\\bot\\${image}</arg>
<doc>Inputs the ``file_path`` into the file input field ``locator``.</doc>
<msg timestamp="20230126 16:05:19.844" level="INFO">Sending C:\Users\ake_s\Desktop\bot\3x (1).webp to browser.</msg>
<status status="PASS" starttime="20230126 16:05:19.844" endtime="20230126 16:05:20.884"/>
</kw>
<msg timestamp="20230126 16:05:20.884" level="INFO">${file_exist} = True</msg>
<status status="PASS" starttime="20230126 16:05:19.843" endtime="20230126 16:05:20.884"/>
</kw>
<kw name="Log To Console" library="BuiltIn">
<arg>file exist in local machine: ${file_exist}</arg>
<doc>Logs the given message to the console.</doc>
<status status="PASS" starttime="20230126 16:05:20.884" endtime="20230126 16:05:20.885"/>
</kw>
<if>
<branch type="IF" condition="${filetypes} == True">
<if>
<branch type="IF" condition="${file_exist} == True">
<kw name="Wait Until Page Contains Element" library="SeleniumLibrary">
<arg>//*[@jscontroller="W2Shsb"]</arg>
<doc>Waits until the element ``locator`` appears on the current page.</doc>
<status status="PASS" starttime="20230126 16:05:20.885" endtime="20230126 16:05:23.125"/>
</kw>
<status status="PASS" starttime="20230126 16:05:20.885" endtime="20230126 16:05:23.125"/>
</branch>
<status status="PASS" starttime="20230126 16:05:20.885" endtime="20230126 16:05:23.125"/>
</if>
<status status="PASS" starttime="20230126 16:05:20.885" endtime="20230126 16:05:23.125"/>
</branch>
<branch type="ELSE">
<kw name="Page Should Contain Element" library="SeleniumLibrary">
<arg>//div[@class='OHzWjb']</arg>
<doc>Verifies that element ``locator`` is found on the current page.</doc>
<status status="NOT RUN" starttime="20230126 16:05:23.125" endtime="20230126 16:05:23.125"/>
</kw>
<kw name="Log To Console" library="BuiltIn">
<arg>invalid file type</arg>
<doc>Logs the given message to the console.</doc>
<status status="NOT RUN" starttime="20230126 16:05:23.125" endtime="20230126 16:05:23.125"/>
</kw>
<status status="NOT RUN" starttime="20230126 16:05:23.125" endtime="20230126 16:05:23.125"/>
</branch>
<status status="PASS" starttime="20230126 16:05:20.885" endtime="20230126 16:05:23.125"/>
</if>
<status status="PASS" starttime="20230126 16:05:18.778" endtime="20230126 16:05:23.125"/>
</kw>
<doc>search by image</doc>
<tag>Browser</tag>
<status status="PASS" starttime="20230126 16:05:18.777" endtime="20230126 16:05:23.126"/>
</test>
<kw name="Close the browser" library="BrowserHandling" type="TEARDOWN">
<kw name="Close All Browsers" library="SeleniumLibrary">
<doc>Closes all open browsers and resets the browser cache.</doc>
<status status="PASS" starttime="20230126 16:05:23.127" endtime="20230126 16:05:25.665"/>
</kw>
<status status="PASS" starttime="20230126 16:05:23.127" endtime="20230126 16:05:25.665"/>
</kw>
<status status="PASS" starttime="20230126 16:05:16.724" endtime="20230126 16:05:25.665"/>
</suite>
<statistics>
<total>
<stat pass="1" fail="0" skip="0">All Tests</stat>
</total>
<tag>
<stat pass="1" fail="0" skip="0">Browser</stat>
</tag>
<suite>
<stat pass="1" fail="0" skip="0" id="s1" name="TC1">TC1</stat>
</suite>
</statistics>
<errors>
</errors>
</robot>
